<?xml version="1.0" encoding="UTF-8"?>
<!-- Generated by org.testng.reporters.JUnitXMLReporter -->
<testsuite ignored="0" hostname="DESKTOP-VPOCKJB" failures="0" tests="5" name="Default test" time="77.45" errors="0" timestamp="2023-07-27T12:21:25 IST">
  <testcase classname="testcase.LoginTest" name="LoginwithValidCredentials" time="5.106"/>
  <testcase classname="testcase.LoginTest" name="LoginwithInvalidCredentials" time="6.308"/>
  <testcase classname="testcase.SignupTest" name="Signup" time="8.463"/>
  <testcase classname="testcase.RoundTripTest" name="getsearchroundtripFlight" time="11.862"/>
  <testcase classname="testcase.OnewayTripTest" name="getsearchFlight" time="8.13"/>
</testsuite> <!-- Default test -->
