<?xml version="1.0" encoding="UTF-8"?>
<!-- Generated by org.testng.reporters.JUnitXMLReporter -->
<testsuite ignored="0" hostname="DESKTOP-VPOCKJB" failures="0" tests="5" name="Test" time="72.551" errors="0" timestamp="2023-08-02T12:05:30 IST">
  <testcase classname="testcase.SignupTest" name="Signup" time="6.246"/>
  <testcase classname="testcase.LoginTest" name="LoginwithValidCredentials" time="1.641"/>
  <testcase classname="testcase.LoginTest" name="LoginwithInvalidCredentials" time="1.7"/>
  <testcase classname="testcase.OnewayTripTest" name="getsearchFlight" time="8.79"/>
  <testcase classname="testcase.RoundTripTest" name="getsearchroundtripFlight" time="11.847"/>
</testsuite> <!-- Test -->
