<?xml version="1.0" encoding="UTF-8"?>
<testng-results ignored="0" total="5" passed="5" failed="0" skipped="0">
  <reporter-output>
  </reporter-output>
  <suite started-at="2023-08-02T12:04:18 IST" name="Suite" finished-at="2023-08-02T12:05:30 IST" duration-ms="72551">
    <groups>
    </groups>
    <test started-at="2023-08-02T12:04:18 IST" name="Test" finished-at="2023-08-02T12:05:30 IST" duration-ms="72551">
      <class name="testcase.RoundTripTest">
        <test-method is-config="true" signature="startup()[pri:0, instance:testcase.RoundTripTest@6b927fb]" started-at="2023-08-02T12:05:11 IST" name="startup" finished-at="2023-08-02T12:05:18 IST" duration-ms="7295" status="PASS">
          <reporter-output>
          </reporter-output>
        </test-method> <!-- startup -->
        <test-method signature="getsearchroundtripFlight()[pri:0, instance:testcase.RoundTripTest@6b927fb]" started-at="2023-08-02T12:05:18 IST" name="getsearchroundtripFlight" finished-at="2023-08-02T12:05:30 IST" duration-ms="11847" status="PASS">
          <reporter-output>
          </reporter-output>
        </test-method> <!-- getsearchroundtripFlight -->
        <test-method is-config="true" signature="close()[pri:0, instance:testcase.RoundTripTest@6b927fb]" started-at="2023-08-02T12:05:30 IST" name="close" finished-at="2023-08-02T12:05:30 IST" duration-ms="439" status="PASS">
          <reporter-output>
          </reporter-output>
        </test-method> <!-- close -->
      </class> <!-- testcase.RoundTripTest -->
      <class name="testcase.LoginTest">
        <test-method is-config="true" signature="startup()[pri:0, instance:testcase.LoginTest@4466af20]" started-at="2023-08-02T12:04:32 IST" name="startup" finished-at="2023-08-02T12:04:40 IST" duration-ms="7473" status="PASS">
          <reporter-output>
          </reporter-output>
        </test-method> <!-- startup -->
        <test-method signature="LoginwithValidCredentials()[pri:1, instance:testcase.LoginTest@4466af20]" started-at="2023-08-02T12:04:40 IST" name="LoginwithValidCredentials" finished-at="2023-08-02T12:04:42 IST" duration-ms="1641" status="PASS">
          <reporter-output>
          </reporter-output>
        </test-method> <!-- LoginwithValidCredentials -->
        <test-method is-config="true" signature="close()[pri:0, instance:testcase.LoginTest@4466af20]" started-at="2023-08-02T12:04:42 IST" name="close" finished-at="2023-08-02T12:04:42 IST" duration-ms="493" status="PASS">
          <reporter-output>
          </reporter-output>
        </test-method> <!-- close -->
        <test-method is-config="true" signature="startup()[pri:0, instance:testcase.LoginTest@4466af20]" started-at="2023-08-02T12:04:42 IST" name="startup" finished-at="2023-08-02T12:04:50 IST" duration-ms="7661" status="PASS">
          <reporter-output>
          </reporter-output>
        </test-method> <!-- startup -->
        <test-method signature="LoginwithInvalidCredentials()[pri:2, instance:testcase.LoginTest@4466af20]" started-at="2023-08-02T12:04:50 IST" name="LoginwithInvalidCredentials" finished-at="2023-08-02T12:04:51 IST" duration-ms="1700" status="PASS">
          <reporter-output>
          </reporter-output>
        </test-method> <!-- LoginwithInvalidCredentials -->
        <test-method is-config="true" signature="close()[pri:0, instance:testcase.LoginTest@4466af20]" started-at="2023-08-02T12:04:51 IST" name="close" finished-at="2023-08-02T12:04:52 IST" duration-ms="551" status="PASS">
          <reporter-output>
          </reporter-output>
        </test-method> <!-- close -->
      </class> <!-- testcase.LoginTest -->
      <class name="testcase.OnewayTripTest">
        <test-method is-config="true" signature="startup()[pri:0, instance:testcase.OnewayTripTest@a514af7]" started-at="2023-08-02T12:04:52 IST" name="startup" finished-at="2023-08-02T12:05:01 IST" duration-ms="9119" status="PASS">
          <reporter-output>
          </reporter-output>
        </test-method> <!-- startup -->
        <test-method signature="getsearchFlight()[pri:0, instance:testcase.OnewayTripTest@a514af7]" started-at="2023-08-02T12:05:01 IST" name="getsearchFlight" finished-at="2023-08-02T12:05:10 IST" duration-ms="8790" status="PASS">
          <reporter-output>
          </reporter-output>
        </test-method> <!-- getsearchFlight -->
        <test-method is-config="true" signature="close()[pri:0, instance:testcase.OnewayTripTest@a514af7]" started-at="2023-08-02T12:05:10 IST" name="close" finished-at="2023-08-02T12:05:11 IST" duration-ms="683" status="PASS">
          <reporter-output>
          </reporter-output>
        </test-method> <!-- close -->
      </class> <!-- testcase.OnewayTripTest -->
      <class name="testcase.SignupTest">
        <test-method is-config="true" signature="startup()[pri:0, instance:testcase.SignupTest@1ab3a8c8]" started-at="2023-08-02T12:04:18 IST" name="startup" finished-at="2023-08-02T12:04:26 IST" duration-ms="8082" status="PASS">
          <reporter-output>
          </reporter-output>
        </test-method> <!-- startup -->
        <test-method signature="Signup()[pri:0, instance:testcase.SignupTest@1ab3a8c8]" started-at="2023-08-02T12:04:26 IST" name="Signup" finished-at="2023-08-02T12:04:32 IST" duration-ms="6246" status="PASS">
          <reporter-output>
          </reporter-output>
        </test-method> <!-- Signup -->
        <test-method is-config="true" signature="close()[pri:0, instance:testcase.SignupTest@1ab3a8c8]" started-at="2023-08-02T12:04:32 IST" name="close" finished-at="2023-08-02T12:04:32 IST" duration-ms="490" status="PASS">
          <reporter-output>
          </reporter-output>
        </test-method> <!-- close -->
      </class> <!-- testcase.SignupTest -->
    </test> <!-- Test -->
  </suite> <!-- Suite -->
</testng-results>
